host: Izhaans-MacBook-Air.local
Building DAG of jobs...
Using shell: /bin/bash
Provided cores: 8
Rules claiming more threads will be scaled down.
Job stats:
job           count
----------  -------
clean_data        1
total             1

Select jobs to execute...
Execute 1 jobs...

[Wed Dec 11 21:32:17 2024]
localrule clean_data:
    input: output/uncleanedInputs/cdc_data.csv, output/uncleanedInputs/combined_epa_data.csv
    output: output/cleanedInputs/cleaned_epa_data.csv, output/cleanedInputs/cleaned_cdc_data.csv
    jobid: 0
    reason: Missing output files: output/cleanedInputs/cleaned_cdc_data.csv, output/cleanedInputs/cleaned_epa_data.csv
    resources: tmpdir=/var/folders/hg/xq__q8_d6pz28vclxr26f1180000gn/T

[Wed Dec 11 21:32:17 2024]
Error in rule clean_data:
    jobid: 0
    input: output/uncleanedInputs/cdc_data.csv, output/uncleanedInputs/combined_epa_data.csv
    output: output/cleanedInputs/cleaned_epa_data.csv, output/cleanedInputs/cleaned_cdc_data.csv
    shell:
        python scripts/clean_data.py
        (one of the commands exited with non-zero exit code; note that snakemake uses bash strict mode!)

Shutting down, this might take some time.
Exiting because a job execution failed. Look above for error message
Complete log: .snakemake/log/2024-12-11T213217.141646.snakemake.log
WorkflowError:
At least one job did not complete successfully.
