host: Izhaans-MacBook-Air.local
Building DAG of jobs...
Using shell: /bin/bash
Provided cores: 1 (use --cores to define parallelism)
Rules claiming more threads will be scaled down.
Job stats:
job          count
---------  -------
load_data        1
total            1

Select jobs to execute...
Execute 1 jobs...

[Wed Dec 11 21:29:36 2024]
localrule load_data:
    input: data/cdc/Mortality_Rates_2000-2003.json, data/epa/annual_conc_by_monitor_2000.csv, data/epa/annual_conc_by_monitor_2001.csv, data/epa/annual_conc_by_monitor_2002.csv, data/epa/annual_conc_by_monitor_2003.csv
    output: output/uncleanedInputs/cdc_data.csv, output/uncleanedInputs/combined_epa_data.csv
    jobid: 0
    reason: Missing output files: output/uncleanedInputs/combined_epa_data.csv, output/uncleanedInputs/cdc_data.csv
    resources: tmpdir=/var/folders/hg/xq__q8_d6pz28vclxr26f1180000gn/T

[Wed Dec 11 21:29:36 2024]
Error in rule load_data:
    jobid: 0
    input: data/cdc/Mortality_Rates_2000-2003.json, data/epa/annual_conc_by_monitor_2000.csv, data/epa/annual_conc_by_monitor_2001.csv, data/epa/annual_conc_by_monitor_2002.csv, data/epa/annual_conc_by_monitor_2003.csv
    output: output/uncleanedInputs/cdc_data.csv, output/uncleanedInputs/combined_epa_data.csv
    shell:
        python scripts/load_data.py
        (one of the commands exited with non-zero exit code; note that snakemake uses bash strict mode!)

Shutting down, this might take some time.
Exiting because a job execution failed. Look above for error message
Complete log: .snakemake/log/2024-12-11T212936.145272.snakemake.log
WorkflowError:
At least one job did not complete successfully.
